<?xml version="1.0" encoding="utf-8"?><testsuites><testsuite name="pytest" errors="0" failures="0" skipped="0" tests="95" time="2.352" timestamp="2026-02-04T22:44:32.466777+01:00" hostname="jtv"><testcase classname="tests.tgedr_dataops_abs.test_etl" name="test_config" time="0.001" /><testcase classname="tests.tgedr_dataops_abs.test_etl" name="test_default_param" time="0.000" /><testcase classname="tests.tgedr_dataops_abs.test_etl" name="test_static_run" time="0.000" /><testcase classname="tests.tgedr_dataops_abs.test_etl" name="test_etl_exception" time="0.000" /><testcase classname="tests.tgedr_dataops_abs.test_etl" name="test_inject_configuration_missing_required_param" time="0.000" /><testcase classname="tests.tgedr_dataops_abs.test_etl" name="test_inject_configuration_with_none_config" time="0.000" /><testcase classname="tests.tgedr_dataops_abs.test_etl" name="test_inject_configuration_param_not_in_config" time="0.000" /><testcase classname="tests.tgedr_dataops_abs.test_etl" name="test_inject_configuration_with_default_value" time="0.000" /><testcase classname="tests.tgedr_dataops_abs.test_etl" name="test_inject_configuration_overrides_default" time="0.000" /><testcase classname="tests.tgedr_dataops_abs.test_etl" name="test_inject_configuration_partial_override" time="0.000" /><testcase classname="tests.tgedr_dataops_abs.test_etl" name="test_etl_run_with_validation" time="0.000" /><testcase classname="tests.tgedr_dataops_abs.test_etl" name="test_etl_cannot_instantiate_directly" time="0.000" /><testcase classname="tests.tgedr_dataops_abs.test_great_expectations_validation.TestValidationError" name="test_validation_error_is_exception" time="0.000" /><testcase classname="tests.tgedr_dataops_abs.test_great_expectations_validation.TestValidationError" name="test_validation_error_can_be_raised" time="0.000" /><testcase classname="tests.tgedr_dataops_abs.test_great_expectations_validation.TestValidationError" name="test_validation_error_from_exception" time="0.000" /><testcase classname="tests.tgedr_dataops_abs.test_great_expectations_validation.TestGreatExpectationsValidation" name="test_is_abstract_class" time="0.000" /><testcase classname="tests.tgedr_dataops_abs.test_great_expectations_validation.TestGreatExpectationsValidation" name="test_concrete_implementation_can_be_instantiated" time="0.000" /><testcase classname="tests.tgedr_dataops_abs.test_great_expectations_validation.TestGreatExpectationsValidation" name="test_has_validate_method" time="0.000" /><testcase classname="tests.tgedr_dataops_abs.test_great_expectations_validation.TestGreatExpectationsValidation" name="test_has_get_execution_engine_method" time="0.000" /><testcase classname="tests.tgedr_dataops_abs.test_great_expectations_validation.TestValidateMethod" name="test_validate_creates_batch" time="0.004" /><testcase classname="tests.tgedr_dataops_abs.test_great_expectations_validation.TestValidateMethod" name="test_validate_creates_expectation_suite" time="0.003" /><testcase classname="tests.tgedr_dataops_abs.test_great_expectations_validation.TestValidateMethod" name="test_validate_uses_default_suite_name" time="0.003" /><testcase classname="tests.tgedr_dataops_abs.test_great_expectations_validation.TestValidateMethod" name="test_validate_adds_expectations_to_suite" time="0.004" /><testcase classname="tests.tgedr_dataops_abs.test_great_expectations_validation.TestValidateMethod" name="test_validate_creates_validator_with_correct_parameters" time="0.002" /><testcase classname="tests.tgedr_dataops_abs.test_great_expectations_validation.TestValidateMethod" name="test_validate_calls_get_execution_engine" time="0.002" /><testcase classname="tests.tgedr_dataops_abs.test_great_expectations_validation.TestValidateMethod" name="test_validate_runs_validation" time="0.002" /><testcase classname="tests.tgedr_dataops_abs.test_great_expectations_validation.TestValidateMethod" name="test_validate_returns_json_dict_result" time="0.002" /><testcase classname="tests.tgedr_dataops_abs.test_great_expectations_validation.TestValidateMethod" name="test_validate_raises_validation_error_on_exception" time="0.001" /><testcase classname="tests.tgedr_dataops_abs.test_great_expectations_validation.TestValidateMethod" name="test_validate_wraps_original_exception" time="0.001" /><testcase classname="tests.tgedr_dataops_abs.test_great_expectations_validation.TestValidateMethod" name="test_validate_handles_empty_expectations_list" time="0.002" /><testcase classname="tests.tgedr_dataops_abs.test_great_expectations_validation.TestValidateMethod" name="test_validate_handles_missing_expectations_key" time="0.002" /><testcase classname="tests.tgedr_dataops_abs.test_great_expectations_validation.TestValidateMethod" name="test_validate_handles_expectation_without_kwargs" time="0.004" /><testcase classname="tests.tgedr_dataops_abs.test_great_expectations_validation.TestValidateMethod" name="test_validate_creates_ephemeral_context" time="0.003" /><testcase classname="tests.tgedr_dataops_abs.test_great_expectations_validation.TestGetExecutionEngine" name="test_concrete_implementation_must_implement_get_execution_engine" time="0.000" /><testcase classname="tests.tgedr_dataops_abs.test_great_expectations_validation.TestGetExecutionEngine" name="test_concrete_implementation_get_execution_engine_is_called" time="0.004" /><testcase classname="tests.tgedr_dataops_abs.test_processor_chain" name="test_handling" time="0.000" /><testcase classname="tests.tgedr_dataops_abs.test_processor_chain_mixin" name="test_handling" time="0.000" /><testcase classname="tests.tgedr_dataops_abs.test_sink" name="test_sink_exception" time="0.000" /><testcase classname="tests.tgedr_dataops_abs.test_sink" name="test_sink_interface_subclass_hook_valid" time="0.000" /><testcase classname="tests.tgedr_dataops_abs.test_sink" name="test_sink_interface_subclass_hook_invalid" time="0.000" /><testcase classname="tests.tgedr_dataops_abs.test_sink" name="test_sink_interface_subclass_hook_partial" time="0.000" /><testcase classname="tests.tgedr_dataops_abs.test_sink" name="test_sink_init_with_config" time="0.000" /><testcase classname="tests.tgedr_dataops_abs.test_sink" name="test_sink_init_without_config" time="0.099" /><testcase classname="tests.tgedr_dataops_abs.test_sink" name="test_sink_put_with_context" time="0.000" /><testcase classname="tests.tgedr_dataops_abs.test_sink" name="test_sink_put_without_context" time="0.000" /><testcase classname="tests.tgedr_dataops_abs.test_sink" name="test_sink_delete_with_context" time="0.000" /><testcase classname="tests.tgedr_dataops_abs.test_sink" name="test_sink_delete_without_context" time="0.000" /><testcase classname="tests.tgedr_dataops_abs.test_sink" name="test_sink_abstract_methods" time="0.000" /><testcase classname="tests.tgedr_dataops_abs.test_sink" name="test_sink_chain_init_with_config" time="0.000" /><testcase classname="tests.tgedr_dataops_abs.test_sink" name="test_sink_chain_init_without_config" time="0.000" /><testcase classname="tests.tgedr_dataops_abs.test_sink" name="test_sink_chain_execute" time="0.000" /><testcase classname="tests.tgedr_dataops_abs.test_sink" name="test_sink_chain_execute_without_context" time="0.000" /><testcase classname="tests.tgedr_dataops_abs.test_sink" name="test_sink_chain_is_chain" time="0.000" /><testcase classname="tests.tgedr_dataops_abs.test_sink" name="test_sink_chain_is_sink_interface" time="0.000" /><testcase classname="tests.tgedr_dataops_abs.test_source" name="test_source_exception" time="0.000" /><testcase classname="tests.tgedr_dataops_abs.test_source" name="test_no_source_exception" time="0.000" /><testcase classname="tests.tgedr_dataops_abs.test_source" name="test_no_source_exception_is_source_exception" time="0.000" /><testcase classname="tests.tgedr_dataops_abs.test_source" name="test_source_interface_subclass_hook_valid" time="0.000" /><testcase classname="tests.tgedr_dataops_abs.test_source" name="test_source_interface_subclass_hook_invalid" time="0.000" /><testcase classname="tests.tgedr_dataops_abs.test_source" name="test_source_interface_subclass_hook_partial" time="0.000" /><testcase classname="tests.tgedr_dataops_abs.test_source" name="test_source_init_with_config" time="0.000" /><testcase classname="tests.tgedr_dataops_abs.test_source" name="test_source_init_without_config" time="0.000" /><testcase classname="tests.tgedr_dataops_abs.test_source" name="test_source_get_with_context" time="0.000" /><testcase classname="tests.tgedr_dataops_abs.test_source" name="test_source_get_without_context" time="0.000" /><testcase classname="tests.tgedr_dataops_abs.test_source" name="test_source_get_raises_no_source_exception" time="0.000" /><testcase classname="tests.tgedr_dataops_abs.test_source" name="test_source_list_with_context" time="0.000" /><testcase classname="tests.tgedr_dataops_abs.test_source" name="test_source_list_without_context" time="0.000" /><testcase classname="tests.tgedr_dataops_abs.test_source" name="test_source_abstract_methods" time="0.000" /><testcase classname="tests.tgedr_dataops_abs.test_source" name="test_source_chain_init_with_config" time="0.000" /><testcase classname="tests.tgedr_dataops_abs.test_source" name="test_source_chain_init_without_config" time="0.000" /><testcase classname="tests.tgedr_dataops_abs.test_source" name="test_source_chain_execute" time="0.000" /><testcase classname="tests.tgedr_dataops_abs.test_source" name="test_source_chain_execute_without_context" time="0.000" /><testcase classname="tests.tgedr_dataops_abs.test_source" name="test_source_chain_is_chain" time="0.000" /><testcase classname="tests.tgedr_dataops_abs.test_source" name="test_source_chain_is_source_interface" time="0.000" /><testcase classname="tests.tgedr_dataops_abs.test_store" name="test_store_exception" time="0.000" /><testcase classname="tests.tgedr_dataops_abs.test_store" name="test_no_store_exception" time="0.000" /><testcase classname="tests.tgedr_dataops_abs.test_store" name="test_no_store_exception_is_store_exception" time="0.000" /><testcase classname="tests.tgedr_dataops_abs.test_store" name="test_store_interface_subclass_hook_valid" time="0.000" /><testcase classname="tests.tgedr_dataops_abs.test_store" name="test_store_interface_subclass_hook_invalid" time="0.000" /><testcase classname="tests.tgedr_dataops_abs.test_store" name="test_store_interface_subclass_hook_partial" time="0.000" /><testcase classname="tests.tgedr_dataops_abs.test_store" name="test_store_init_with_config" time="0.000" /><testcase classname="tests.tgedr_dataops_abs.test_store" name="test_store_init_without_config" time="0.000" /><testcase classname="tests.tgedr_dataops_abs.test_store" name="test_store_save" time="0.000" /><testcase classname="tests.tgedr_dataops_abs.test_store" name="test_store_save_with_kwargs" time="0.000" /><testcase classname="tests.tgedr_dataops_abs.test_store" name="test_store_get" time="0.000" /><testcase classname="tests.tgedr_dataops_abs.test_store" name="test_store_get_with_kwargs" time="0.000" /><testcase classname="tests.tgedr_dataops_abs.test_store" name="test_store_get_raises_no_store_exception" time="0.000" /><testcase classname="tests.tgedr_dataops_abs.test_store" name="test_store_update" time="0.000" /><testcase classname="tests.tgedr_dataops_abs.test_store" name="test_store_update_with_kwargs" time="0.000" /><testcase classname="tests.tgedr_dataops_abs.test_store" name="test_store_update_raises_no_store_exception" time="0.000" /><testcase classname="tests.tgedr_dataops_abs.test_store" name="test_store_delete" time="0.000" /><testcase classname="tests.tgedr_dataops_abs.test_store" name="test_store_delete_with_kwargs" time="0.000" /><testcase classname="tests.tgedr_dataops_abs.test_store" name="test_store_delete_nonexistent_key" time="0.000" /><testcase classname="tests.tgedr_dataops_abs.test_store" name="test_store_abstract_methods" time="0.000" /><testcase classname="tests.tgedr_dataops_abs.test_store" name="test_store_crud_workflow" time="0.000" /></testsuite></testsuites>
